<?xml version="1.0" encoding="UTF-8"?>
<!-- Generated by org.testng.reporters.JUnitXMLReporter -->
<testsuite ignored="0" hostname="DESKTOP-303B9DJ" failures="2" tests="3" name="Surefire test" time="0.051" errors="0" timestamp="2021-08-08T22:46:16 EDT">
  <testcase classname="TestNGPractice.CarLoanTest" name="CarTest" time="0.0">
    <failure type="org.testng.TestNGException" message="
Parameter &amp;apos;url1&amp;apos; is required by @Test on method CarTest but has not been marked @Optional or defined
">
      <![CDATA[org.testng.TestNGException: 
Parameter 'url1' is required by @Test on method CarTest but has not been marked @Optional or defined

at java.base/java.util.ArrayList.forEach(ArrayList.java:1511)
... Removed 31 stack frames]]>
    </failure>
  </testcase> <!-- CarTest -->
  <testcase classname="TestNGPractice.CarLoanTest" name="CarTest1" time="0.005"/>
  <testcase classname="TestNGPractice.CarLoanTest" name="CarTest2" time="0.0">
    <failure type="org.testng.TestNGException" message="
Parameter &amp;apos;url&amp;apos; is required by @Test on method CarTest2 but has not been marked @Optional or defined
">
      <![CDATA[org.testng.TestNGException: 
Parameter 'url' is required by @Test on method CarTest2 but has not been marked @Optional or defined

at java.base/java.util.ArrayList.forEach(ArrayList.java:1511)
... Removed 31 stack frames]]>
    </failure>
  </testcase> <!-- CarTest2 -->
</testsuite> <!-- Surefire test -->
